d:\contra\x64\release\vc143.pdb
d:\contra\x64\release\firegun.obj
d:\contra\x64\release\firebullet.obj
d:\contra\x64\release\curcularbullet.obj
d:\contra\x64\release\riflebullet.obj
d:\contra\x64\release\quadtree.obj
d:\contra\x64\release\playscreen.obj
d:\contra\x64\release\map.obj
d:\contra\x64\release\gunrotation.obj
d:\contra\x64\release\collision.obj
d:\contra\x64\release\circulargun.obj
d:\contra\x64\release\canon.obj
d:\contra\x64\release\billinputhandler.obj
d:\contra\x64\release\bullet.obj
d:\contra\x64\release\bridge.obj
d:\contra\x64\release\bossstage1.obj
d:\contra\x64\release\billbullet.obj
d:\contra\x64\release\bill.obj
d:\contra\x64\release\animations.obj
d:\contra\x64\release\animation.obj
d:\contra\x64\release\aircraft.obj
d:\contra\x64\release\sprites.obj
d:\contra\x64\release\sprite.obj
d:\contra\x64\release\spreadgun.obj
d:\contra\x64\release\soldier.obj
d:\contra\x64\release\sniper.obj
d:\contra\x64\release\scene.obj
d:\contra\x64\release\rockfall.obj
d:\contra\x64\release\hiddensniper.obj
d:\contra\x64\release\riflegun.obj
d:\contra\x64\release\main.obj
d:\contra\x64\release\gameobject.obj
d:\contra\x64\release\game.obj
d:\contra\x64\release\debug.obj
d:\contra\x64\release\inputhandler.obj
d:\contra\x64\release\input.obj
d:\contra\x64\release\gun.obj
d:\contra\x64\release\falcon.obj
d:\contra\x64\release\normalgun.obj
d:\contra\x64\release\laircraft.obj
d:\contra\x64\release\grass.obj
d:\contra\x64\release\utils.obj
d:\contra\x64\release\textures.obj
d:\contra\x64\release\d3dcompiler_43.dll
d:\contra\x64\release\d3dx9_43.dll
d:\contra\x64\release\d3dx10_43.dll
d:\contra\x64\release\d3dx11_43.dll
d:\contra\x64\release\contra.ipdb
d:\contra\x64\release\contra.iobj
d:\contra\x64\release\contra.exe
d:\contra\x64\release\contra.pdb
d:\contra\x64\release\contra.tlog\cl.command.1.tlog
d:\contra\x64\release\contra.tlog\cl.read.1.tlog
d:\contra\x64\release\contra.tlog\cl.write.1.tlog
d:\contra\x64\release\contra.tlog\copylocal.read.1u.tlog
d:\contra\x64\release\contra.tlog\copylocal.write.1u.tlog
d:\contra\x64\release\contra.tlog\link.command.1.tlog
d:\contra\x64\release\contra.tlog\link.read.1.tlog
d:\contra\x64\release\contra.tlog\link.write.1.tlog
d:\contra\x64\release\contra.tlog\link.write.2u.tlog
