c:\300baicodethieunhi\nmptg\contra\x64\debug\vc143.pdb
c:\300baicodethieunhi\nmptg\contra\x64\debug\vc143.idb
c:\300baicodethieunhi\nmptg\contra\x64\debug\firegun.obj
c:\300baicodethieunhi\nmptg\contra\x64\debug\firebullet.obj
c:\300baicodethieunhi\nmptg\contra\x64\debug\curcularbullet.obj
c:\300baicodethieunhi\nmptg\contra\x64\debug\riflebullet.obj
c:\300baicodethieunhi\nmptg\contra\x64\debug\quadtree.obj
c:\300baicodethieunhi\nmptg\contra\x64\debug\playscreen.obj
c:\300baicodethieunhi\nmptg\contra\x64\debug\map.obj
c:\300baicodethieunhi\nmptg\contra\x64\debug\gunrotation.obj
c:\300baicodethieunhi\nmptg\contra\x64\debug\collision.obj
c:\300baicodethieunhi\nmptg\contra\x64\debug\circulargun.obj
c:\300baicodethieunhi\nmptg\contra\x64\debug\canon.obj
c:\300baicodethieunhi\nmptg\contra\x64\debug\billinputhandler.obj
c:\300baicodethieunhi\nmptg\contra\x64\debug\bullet.obj
c:\300baicodethieunhi\nmptg\contra\x64\debug\bridge.obj
c:\300baicodethieunhi\nmptg\contra\x64\debug\bossstage1.obj
c:\300baicodethieunhi\nmptg\contra\x64\debug\billbullet.obj
c:\300baicodethieunhi\nmptg\contra\x64\debug\bill.obj
c:\300baicodethieunhi\nmptg\contra\x64\debug\animations.obj
c:\300baicodethieunhi\nmptg\contra\x64\debug\animation.obj
c:\300baicodethieunhi\nmptg\contra\x64\debug\aircraft.obj
c:\300baicodethieunhi\nmptg\contra\x64\debug\sprites.obj
c:\300baicodethieunhi\nmptg\contra\x64\debug\sprite.obj
c:\300baicodethieunhi\nmptg\contra\x64\debug\spreadgun.obj
c:\300baicodethieunhi\nmptg\contra\x64\debug\soldier.obj
c:\300baicodethieunhi\nmptg\contra\x64\debug\sniper.obj
c:\300baicodethieunhi\nmptg\contra\x64\debug\scene.obj
c:\300baicodethieunhi\nmptg\contra\x64\debug\rockfall.obj
c:\300baicodethieunhi\nmptg\contra\x64\debug\hiddensniper.obj
c:\300baicodethieunhi\nmptg\contra\x64\debug\riflegun.obj
c:\300baicodethieunhi\nmptg\contra\x64\debug\main.obj
c:\300baicodethieunhi\nmptg\contra\x64\debug\gameobject.obj
c:\300baicodethieunhi\nmptg\contra\x64\debug\game.obj
c:\300baicodethieunhi\nmptg\contra\x64\debug\debug.obj
c:\300baicodethieunhi\nmptg\contra\x64\debug\inputhandler.obj
c:\300baicodethieunhi\nmptg\contra\x64\debug\input.obj
c:\300baicodethieunhi\nmptg\contra\x64\debug\gun.obj
c:\300baicodethieunhi\nmptg\contra\x64\debug\falcon.obj
c:\300baicodethieunhi\nmptg\contra\x64\debug\normalgun.obj
c:\300baicodethieunhi\nmptg\contra\x64\debug\laircraft.obj
c:\300baicodethieunhi\nmptg\contra\x64\debug\grass.obj
c:\300baicodethieunhi\nmptg\contra\x64\debug\utils.obj
c:\300baicodethieunhi\nmptg\contra\x64\debug\textures.obj
c:\300baicodethieunhi\nmptg\contra\x64\debug\d3dcompiler_43.dll
c:\300baicodethieunhi\nmptg\contra\x64\debug\d3dx9d_43.dll
c:\300baicodethieunhi\nmptg\contra\x64\debug\d3dx10d_43.dll
c:\300baicodethieunhi\nmptg\contra\x64\debug\d3dx11d_43.dll
c:\300baicodethieunhi\nmptg\contra\x64\debug\contra.exe
c:\300baicodethieunhi\nmptg\contra\x64\debug\contra.ilk
c:\300baicodethieunhi\nmptg\contra\x64\debug\contra.pdb
c:\300baicodethieunhi\nmptg\contra\x64\debug\contra.tlog\cl.command.1.tlog
c:\300baicodethieunhi\nmptg\contra\x64\debug\contra.tlog\cl.read.1.tlog
c:\300baicodethieunhi\nmptg\contra\x64\debug\contra.tlog\cl.write.1.tlog
c:\300baicodethieunhi\nmptg\contra\x64\debug\contra.tlog\copylocal.read.1u.tlog
c:\300baicodethieunhi\nmptg\contra\x64\debug\contra.tlog\copylocal.write.1u.tlog
c:\300baicodethieunhi\nmptg\contra\x64\debug\contra.tlog\link.command.1.tlog
c:\300baicodethieunhi\nmptg\contra\x64\debug\contra.tlog\link.read.1.tlog
c:\300baicodethieunhi\nmptg\contra\x64\debug\contra.tlog\link.write.1.tlog
